<?xml version="1.0" encoding="UTF-8"?>
<!-- Generated by org.testng.reporters.JUnitReportReporter -->
<testsuite hostname="DESKTOP-4I3MU0F" failures="0" tests="1" name="testngpack.sumo" time="0.001" errors="0" timestamp="2022-08-20T12:30:39 IST" skipped="0">
  <testcase classname="testngpack.sumo" name="sumomethod" time="0.001"/>
  <system-out>
    <![CDATA[sumomethod executed]]>
  </system-out>
</testsuite> <!-- testngpack.sumo -->
