<?xml version="1.0" encoding="UTF-8"?>
<!-- Generated by org.testng.reporters.JUnitReportReporter -->
<testsuite hostname="DESKTOP-4I3MU0F" failures="0" tests="1" name="testngpack.demo" time="0.019" errors="0" timestamp="2022-08-25T10:02:52 IST" skipped="0">
  <testcase classname="testngpack.demo" name="a" time="0.019"/>
  <system-out>
    <![CDATA[msg]]>
  </system-out>
</testsuite> <!-- testngpack.demo -->
