<?xml version="1.0" encoding="UTF-8"?>
<!-- Generated by org.testng.reporters.JUnitReportReporter -->
<testsuite hostname="DESKTOP-4I3MU0F" failures="0" tests="1" name="testngpack.remo" time="0.002" errors="0" timestamp="2022-08-20T12:30:39 IST" skipped="0">
  <testcase classname="testngpack.remo" name="remomethod" time="0.002"/>
  <system-out>
    <![CDATA[remomethod executed]]>
  </system-out>
</testsuite> <!-- testngpack.remo -->
