<?xml version="1.0" encoding="UTF-8"?>
<!-- Generated by org.testng.reporters.JUnitReportReporter -->
<testsuite hostname="DESKTOP-4I3MU0F" failures="0" tests="3" name="testngpack.Flag4" time="0.025" errors="0" timestamp="2022-08-20T22:02:07 IST" skipped="0">
  <testcase classname="testngpack.Flag4" name="actiTimeCreateUser" time="0.005"/>
  <system-out>
    <![CDATA[Create User]]>
  </system-out>
  <testcase classname="testngpack.Flag4" name="actiTimeLogin" time="0.014"/>
  <system-out>
    <![CDATA[Login successful]]>
  </system-out>
  <testcase classname="testngpack.Flag4" name="actiTimeLogout" time="0.006"/>
  <system-out>
    <![CDATA[ Login successful]]>
  </system-out>
</testsuite> <!-- testngpack.Flag4 -->
