<?xml version="1.0" encoding="UTF-8"?>
<!-- Generated by org.testng.reporters.JUnitReportReporter -->
<testsuite hostname="DESKTOP-4I3MU0F" failures="0" tests="100" name="testngpack.Flag7" time="0.236" errors="0" timestamp="2022-08-20T22:30:05 IST" skipped="0">
  <testcase classname="testngpack.Flag7" name="f" time="0.001"/>
  <system-out>
    <![CDATA[Create and delete user]]>
  </system-out>
  <testcase classname="testngpack.Flag7" name="f" time="0.002"/>
  <system-out>
    <![CDATA[Create and delete user]]>
  </system-out>
  <testcase classname="testngpack.Flag7" name="f" time="0.001"/>
  <system-out>
    <![CDATA[Create and delete user]]>
  </system-out>
  <testcase classname="testngpack.Flag7" name="f" time="0.003"/>
  <system-out>
    <![CDATA[Create and delete user]]>
  </system-out>
  <testcase classname="testngpack.Flag7" name="f" time="0.001"/>
  <system-out>
    <![CDATA[Create and delete user]]>
  </system-out>
  <testcase classname="testngpack.Flag7" name="f" time="0.000"/>
  <system-out>
    <![CDATA[Create and delete user]]>
  </system-out>
  <testcase classname="testngpack.Flag7" name="f" time="0.000"/>
  <system-out>
    <![CDATA[Create and delete user]]>
  </system-out>
  <testcase classname="testngpack.Flag7" name="f" time="0.001"/>
  <system-out>
    <![CDATA[Create and delete user]]>
  </system-out>
  <testcase classname="testngpack.Flag7" name="f" time="0.000"/>
  <system-out>
    <![CDATA[Create and delete user]]>
  </system-out>
  <testcase classname="testngpack.Flag7" name="f" time="0.000"/>
  <system-out>
    <![CDATA[Create and delete user]]>
  </system-out>
  <testcase classname="testngpack.Flag7" name="f" time="0.015"/>
  <system-out>
    <![CDATA[Create and delete user]]>
  </system-out>
  <testcase classname="testngpack.Flag7" name="f" time="0.001"/>
  <system-out>
    <![CDATA[Create and delete user]]>
  </system-out>
  <testcase classname="testngpack.Flag7" name="f" time="0.000"/>
  <system-out>
    <![CDATA[Create and delete user]]>
  </system-out>
  <testcase classname="testngpack.Flag7" name="f" time="0.000"/>
  <system-out>
    <![CDATA[Create and delete user]]>
  </system-out>
  <testcase classname="testngpack.Flag7" name="f" time="0.005"/>
  <system-out>
    <![CDATA[Create and delete user]]>
  </system-out>
  <testcase classname="testngpack.Flag7" name="f" time="0.004"/>
  <system-out>
    <![CDATA[Create and delete user]]>
  </system-out>
  <testcase classname="testngpack.Flag7" name="f" time="0.000"/>
  <system-out>
    <![CDATA[Create and delete user]]>
  </system-out>
  <testcase classname="testngpack.Flag7" name="f" time="0.000"/>
  <system-out>
    <![CDATA[Create and delete user]]>
  </system-out>
  <testcase classname="testngpack.Flag7" name="f" time="0.000"/>
  <system-out>
    <![CDATA[Create and delete user]]>
  </system-out>
  <testcase classname="testngpack.Flag7" name="f" time="0.001"/>
  <system-out>
    <![CDATA[Create and delete user]]>
  </system-out>
  <testcase classname="testngpack.Flag7" name="f" time="0.000"/>
  <system-out>
    <![CDATA[Create and delete user]]>
  </system-out>
  <testcase classname="testngpack.Flag7" name="f" time="0.003"/>
  <system-out>
    <![CDATA[Create and delete user]]>
  </system-out>
  <testcase classname="testngpack.Flag7" name="f" time="0.000"/>
  <system-out>
    <![CDATA[Create and delete user]]>
  </system-out>
  <testcase classname="testngpack.Flag7" name="f" time="0.024"/>
  <system-out>
    <![CDATA[Create and delete user]]>
  </system-out>
  <testcase classname="testngpack.Flag7" name="f" time="0.001"/>
  <system-out>
    <![CDATA[Create and delete user]]>
  </system-out>
  <testcase classname="testngpack.Flag7" name="f" time="0.000"/>
  <system-out>
    <![CDATA[Create and delete user]]>
  </system-out>
  <testcase classname="testngpack.Flag7" name="f" time="0.004"/>
  <system-out>
    <![CDATA[Create and delete user]]>
  </system-out>
  <testcase classname="testngpack.Flag7" name="f" time="0.000"/>
  <system-out>
    <![CDATA[Create and delete user]]>
  </system-out>
  <testcase classname="testngpack.Flag7" name="f" time="0.001"/>
  <system-out>
    <![CDATA[Create and delete user]]>
  </system-out>
  <testcase classname="testngpack.Flag7" name="f" time="0.000"/>
  <system-out>
    <![CDATA[Create and delete user]]>
  </system-out>
  <testcase classname="testngpack.Flag7" name="f" time="0.002"/>
  <system-out>
    <![CDATA[Create and delete user]]>
  </system-out>
  <testcase classname="testngpack.Flag7" name="f" time="0.015"/>
  <system-out>
    <![CDATA[Create and delete user]]>
  </system-out>
  <testcase classname="testngpack.Flag7" name="f" time="0.005"/>
  <system-out>
    <![CDATA[Create and delete user]]>
  </system-out>
  <testcase classname="testngpack.Flag7" name="f" time="0.002"/>
  <system-out>
    <![CDATA[Create and delete user]]>
  </system-out>
  <testcase classname="testngpack.Flag7" name="f" time="0.004"/>
  <system-out>
    <![CDATA[Create and delete user]]>
  </system-out>
  <testcase classname="testngpack.Flag7" name="f" time="0.000"/>
  <system-out>
    <![CDATA[Create and delete user]]>
  </system-out>
  <testcase classname="testngpack.Flag7" name="f" time="0.003"/>
  <system-out>
    <![CDATA[Create and delete user]]>
  </system-out>
  <testcase classname="testngpack.Flag7" name="f" time="0.000"/>
  <system-out>
    <![CDATA[Create and delete user]]>
  </system-out>
  <testcase classname="testngpack.Flag7" name="f" time="0.001"/>
  <system-out>
    <![CDATA[Create and delete user]]>
  </system-out>
  <testcase classname="testngpack.Flag7" name="f" time="0.001"/>
  <system-out>
    <![CDATA[Create and delete user]]>
  </system-out>
  <testcase classname="testngpack.Flag7" name="f" time="0.001"/>
  <system-out>
    <![CDATA[Create and delete user]]>
  </system-out>
  <testcase classname="testngpack.Flag7" name="f" time="0.000"/>
  <system-out>
    <![CDATA[Create and delete user]]>
  </system-out>
  <testcase classname="testngpack.Flag7" name="f" time="0.017"/>
  <system-out>
    <![CDATA[Create and delete user]]>
  </system-out>
  <testcase classname="testngpack.Flag7" name="f" time="0.001"/>
  <system-out>
    <![CDATA[Create and delete user]]>
  </system-out>
  <testcase classname="testngpack.Flag7" name="f" time="0.000"/>
  <system-out>
    <![CDATA[Create and delete user]]>
  </system-out>
  <testcase classname="testngpack.Flag7" name="f" time="0.003"/>
  <system-out>
    <![CDATA[Create and delete user]]>
  </system-out>
  <testcase classname="testngpack.Flag7" name="f" time="0.015"/>
  <system-out>
    <![CDATA[Create and delete user]]>
  </system-out>
  <testcase classname="testngpack.Flag7" name="f" time="0.003"/>
  <system-out>
    <![CDATA[Create and delete user]]>
  </system-out>
  <testcase classname="testngpack.Flag7" name="f" time="0.001"/>
  <system-out>
    <![CDATA[Create and delete user]]>
  </system-out>
  <testcase classname="testngpack.Flag7" name="f" time="0.000"/>
  <system-out>
    <![CDATA[Create and delete user]]>
  </system-out>
  <testcase classname="testngpack.Flag7" name="f" time="0.001"/>
  <system-out>
    <![CDATA[Create and delete user]]>
  </system-out>
  <testcase classname="testngpack.Flag7" name="f" time="0.010"/>
  <system-out>
    <![CDATA[Create and delete user]]>
  </system-out>
  <testcase classname="testngpack.Flag7" name="f" time="0.000"/>
  <system-out>
    <![CDATA[Create and delete user]]>
  </system-out>
  <testcase classname="testngpack.Flag7" name="f" time="0.000"/>
  <system-out>
    <![CDATA[Create and delete user]]>
  </system-out>
  <testcase classname="testngpack.Flag7" name="f" time="0.000"/>
  <system-out>
    <![CDATA[Create and delete user]]>
  </system-out>
  <testcase classname="testngpack.Flag7" name="f" time="0.000"/>
  <system-out>
    <![CDATA[Create and delete user]]>
  </system-out>
  <testcase classname="testngpack.Flag7" name="f" time="0.020"/>
  <system-out>
    <![CDATA[Create and delete user]]>
  </system-out>
  <testcase classname="testngpack.Flag7" name="f" time="0.005"/>
  <system-out>
    <![CDATA[Create and delete user]]>
  </system-out>
  <testcase classname="testngpack.Flag7" name="f" time="0.000"/>
  <system-out>
    <![CDATA[Create and delete user]]>
  </system-out>
  <testcase classname="testngpack.Flag7" name="f" time="0.000"/>
  <system-out>
    <![CDATA[Create and delete user]]>
  </system-out>
  <testcase classname="testngpack.Flag7" name="f" time="0.000"/>
  <system-out>
    <![CDATA[Create and delete user]]>
  </system-out>
  <testcase classname="testngpack.Flag7" name="f" time="0.002"/>
  <system-out>
    <![CDATA[Create and delete user]]>
  </system-out>
  <testcase classname="testngpack.Flag7" name="f" time="0.000"/>
  <system-out>
    <![CDATA[Create and delete user]]>
  </system-out>
  <testcase classname="testngpack.Flag7" name="f" time="0.001"/>
  <system-out>
    <![CDATA[Create and delete user]]>
  </system-out>
  <testcase classname="testngpack.Flag7" name="f" time="0.000"/>
  <system-out>
    <![CDATA[Create and delete user]]>
  </system-out>
  <testcase classname="testngpack.Flag7" name="f" time="0.001"/>
  <system-out>
    <![CDATA[Create and delete user]]>
  </system-out>
  <testcase classname="testngpack.Flag7" name="f" time="0.000"/>
  <system-out>
    <![CDATA[Create and delete user]]>
  </system-out>
  <testcase classname="testngpack.Flag7" name="f" time="0.000"/>
  <system-out>
    <![CDATA[Create and delete user]]>
  </system-out>
  <testcase classname="testngpack.Flag7" name="f" time="0.009"/>
  <system-out>
    <![CDATA[Create and delete user]]>
  </system-out>
  <testcase classname="testngpack.Flag7" name="f" time="0.000"/>
  <system-out>
    <![CDATA[Create and delete user]]>
  </system-out>
  <testcase classname="testngpack.Flag7" name="f" time="0.000"/>
  <system-out>
    <![CDATA[Create and delete user]]>
  </system-out>
  <testcase classname="testngpack.Flag7" name="f" time="0.000"/>
  <system-out>
    <![CDATA[Create and delete user]]>
  </system-out>
  <testcase classname="testngpack.Flag7" name="f" time="0.001"/>
  <system-out>
    <![CDATA[Create and delete user]]>
  </system-out>
  <testcase classname="testngpack.Flag7" name="f" time="0.000"/>
  <system-out>
    <![CDATA[Create and delete user]]>
  </system-out>
  <testcase classname="testngpack.Flag7" name="f" time="0.000"/>
  <system-out>
    <![CDATA[Create and delete user]]>
  </system-out>
  <testcase classname="testngpack.Flag7" name="f" time="0.003"/>
  <system-out>
    <![CDATA[Create and delete user]]>
  </system-out>
  <testcase classname="testngpack.Flag7" name="f" time="0.001"/>
  <system-out>
    <![CDATA[Create and delete user]]>
  </system-out>
  <testcase classname="testngpack.Flag7" name="f" time="0.009"/>
  <system-out>
    <![CDATA[Create and delete user]]>
  </system-out>
  <testcase classname="testngpack.Flag7" name="f" time="0.000"/>
  <system-out>
    <![CDATA[Create and delete user]]>
  </system-out>
  <testcase classname="testngpack.Flag7" name="f" time="0.000"/>
  <system-out>
    <![CDATA[Create and delete user]]>
  </system-out>
  <testcase classname="testngpack.Flag7" name="f" time="0.001"/>
  <system-out>
    <![CDATA[Create and delete user]]>
  </system-out>
  <testcase classname="testngpack.Flag7" name="f" time="0.000"/>
  <system-out>
    <![CDATA[Create and delete user]]>
  </system-out>
  <testcase classname="testngpack.Flag7" name="f" time="0.001"/>
  <system-out>
    <![CDATA[Create and delete user]]>
  </system-out>
  <testcase classname="testngpack.Flag7" name="f" time="0.000"/>
  <system-out>
    <![CDATA[Create and delete user]]>
  </system-out>
  <testcase classname="testngpack.Flag7" name="f" time="0.003"/>
  <system-out>
    <![CDATA[Create and delete user]]>
  </system-out>
  <testcase classname="testngpack.Flag7" name="f" time="0.000"/>
  <system-out>
    <![CDATA[Create and delete user]]>
  </system-out>
  <testcase classname="testngpack.Flag7" name="f" time="0.000"/>
  <system-out>
    <![CDATA[Create and delete user]]>
  </system-out>
  <testcase classname="testngpack.Flag7" name="f" time="0.002"/>
  <system-out>
    <![CDATA[Create and delete user]]>
  </system-out>
  <testcase classname="testngpack.Flag7" name="f" time="0.002"/>
  <system-out>
    <![CDATA[Create and delete user]]>
  </system-out>
  <testcase classname="testngpack.Flag7" name="f" time="0.000"/>
  <system-out>
    <![CDATA[Create and delete user]]>
  </system-out>
  <testcase classname="testngpack.Flag7" name="f" time="0.000"/>
  <system-out>
    <![CDATA[Create and delete user]]>
  </system-out>
  <testcase classname="testngpack.Flag7" name="f" time="0.004"/>
  <system-out>
    <![CDATA[Create and delete user]]>
  </system-out>
  <testcase classname="testngpack.Flag7" name="f" time="0.001"/>
  <system-out>
    <![CDATA[Create and delete user]]>
  </system-out>
  <testcase classname="testngpack.Flag7" name="f" time="0.000"/>
  <system-out>
    <![CDATA[Create and delete user]]>
  </system-out>
  <testcase classname="testngpack.Flag7" name="f" time="0.000"/>
  <system-out>
    <![CDATA[Create and delete user]]>
  </system-out>
  <testcase classname="testngpack.Flag7" name="f" time="0.000"/>
  <system-out>
    <![CDATA[Create and delete user]]>
  </system-out>
  <testcase classname="testngpack.Flag7" name="f" time="0.001"/>
  <system-out>
    <![CDATA[Create and delete user]]>
  </system-out>
  <testcase classname="testngpack.Flag7" name="f" time="0.000"/>
  <system-out>
    <![CDATA[Create and delete user]]>
  </system-out>
  <testcase classname="testngpack.Flag7" name="f" time="0.016"/>
  <system-out>
    <![CDATA[Create and delete user]]>
  </system-out>
  <testcase classname="testngpack.Flag7" name="f" time="0.000"/>
  <system-out>
    <![CDATA[Create and delete user]]>
  </system-out>
</testsuite> <!-- testngpack.Flag7 -->
