<?xml version="1.0" encoding="UTF-8"?>
<!-- Generated by org.testng.reporters.JUnitReportReporter -->
<testsuite hostname="DESKTOP-4I3MU0F" failures="0" tests="3" name="testngpack.ActiTimeTest" time="0.062" errors="0" timestamp="2022-08-20T12:34:12 IST" skipped="0">
  <testcase classname="testngpack.ActiTimeTest" name="loginActiTime" time="0.031"/>
  <system-out>
    <![CDATA[Login ActiTime]]>
  </system-out>
  <testcase classname="testngpack.ActiTimeTest" name="createUserActiTime" time="0.016"/>
  <system-out>
    <![CDATA[Create User]]>
  </system-out>
  <testcase classname="testngpack.ActiTimeTest" name="logoutActiTime" time="0.015"/>
  <system-out>
    <![CDATA[Logout Actitime]]>
  </system-out>
</testsuite> <!-- testngpack.ActiTimeTest -->
