<?xml version="1.0" encoding="UTF-8"?>
<!-- Generated by org.testng.reporters.JUnitReportReporter -->
<testsuite hostname="DESKTOP-4I3MU0F" failures="0" tests="1" name="testngpack.ActiTimeAssertion" time="12.084" errors="0" timestamp="2022-08-26T13:10:48 IST" skipped="0">
  <testcase classname="testngpack.ActiTimeAssertion" name="ActitimeTest" time="12.084"/>
  <system-out>
    <![CDATA[login page title is verified
username text box is displayed
pasword text box is displayed
login button  is displayed
Home page title is verified
create user
create reports]]>
  </system-out>
</testsuite> <!-- testngpack.ActiTimeAssertion -->
