<?xml version="1.0" encoding="UTF-8"?>
<!-- Generated by org.testng.reporters.JUnitReportReporter -->
<testsuite hostname="DESKTOP-4I3MU0F" failures="0" tests="10" name="testngpack.Flag3" time="0.024" errors="0" timestamp="2022-08-20T12:53:51 IST" skipped="0">
  <testcase classname="testngpack.Flag3" name="validLogin" time="0.010"/>
  <system-out>
    <![CDATA[valid Login]]>
  </system-out>
  <testcase classname="testngpack.Flag3" name="x" time="0.000"/>
  <system-out>
    <![CDATA[x method]]>
  </system-out>
  <testcase classname="testngpack.Flag3" name="k" time="0.001"/>
  <system-out>
    <![CDATA[k method]]>
  </system-out>
  <testcase classname="testngpack.Flag3" name="s" time="0.000"/>
  <system-out>
    <![CDATA[s method]]>
  </system-out>
  <testcase classname="testngpack.Flag3" name="f" time="0.000"/>
  <system-out>
    <![CDATA[f method]]>
  </system-out>
  <testcase classname="testngpack.Flag3" name="e" time="0.001"/>
  <system-out>
    <![CDATA[e method]]>
  </system-out>
  <testcase classname="testngpack.Flag3" name="z" time="0.000"/>
  <system-out>
    <![CDATA[z method]]>
  </system-out>
  <testcase classname="testngpack.Flag3" name="g" time="0.001"/>
  <system-out>
    <![CDATA[g method]]>
  </system-out>
  <testcase classname="testngpack.Flag3" name="v" time="0.011"/>
  <system-out>
    <![CDATA[v method]]>
  </system-out>
  <testcase classname="testngpack.Flag3" name="a" time="0.000"/>
  <system-out>
    <![CDATA[a method]]>
  </system-out>
</testsuite> <!-- testngpack.Flag3 -->
