<?xml version="1.0" encoding="UTF-8"?>
<!-- Generated by org.testng.reporters.JUnitReportReporter -->
<testsuite hostname="DESKTOP-4I3MU0F" failures="0" tests="2" name="testngpack.Flag1" time="0.018" errors="0" timestamp="2022-08-20T12:40:10 IST" skipped="0">
  <testcase classname="testngpack.Flag1" name="validActiTimeTest" time="0.003"/>
  <system-out>
    <![CDATA[valid login is performed]]>
  </system-out>
  <testcase classname="testngpack.Flag1" name="invalidActiTimeTest" time="0.015"/>
  <system-out>
    <![CDATA[valid login is performed]]>
  </system-out>
</testsuite> <!-- testngpack.Flag1 -->
