<?xml version="1.0" encoding="UTF-8"?>
<!-- Generated by org.testng.reporters.JUnitReportReporter -->
<testsuite hostname="DESKTOP-4I3MU0F" failures="0" tests="2" name="testngpack.TestMethod1" time="0.032" errors="0" timestamp="2022-08-26T12:11:52 IST" skipped="0">
  <testcase classname="testngpack.TestMethod1" name="method2" time="0.016"/>
  <system-out>
    <![CDATA[method2 16]]>
  </system-out>
  <testcase classname="testngpack.TestMethod1" name="method1" time="0.016"/>
  <system-out>
    <![CDATA[method1 15]]>
  </system-out>
</testsuite> <!-- testngpack.TestMethod1 -->
