<?xml version="1.0" encoding="UTF-8"?>
<!-- Generated by org.testng.reporters.JUnitReportReporter -->
<testsuite hostname="DESKTOP-4I3MU0F" failures="0" tests="2" name="testngpack.AnnotationsTestNG" time="0.031" errors="0" timestamp="2022-08-25T12:01:56 IST" skipped="0">
  <testcase classname="testngpack.AnnotationsTestNG" name="f" time="0.016"/>
  <system-out>
    <![CDATA[test case 1 execution ]]>
  </system-out>
  <testcase classname="testngpack.AnnotationsTestNG" name="f1" time="0.015"/>
  <system-out>
    <![CDATA[test case 2 execution ]]>
  </system-out>
</testsuite> <!-- testngpack.AnnotationsTestNG -->
