<?xml version="1.0" encoding="UTF-8"?>
<!-- Generated by org.testng.reporters.JUnitReportReporter -->
<testsuite hostname="DESKTOP-4I3MU0F" failures="0" tests="5" name="testngpack.DataproviderCode" time="58.630" errors="0" timestamp="2022-08-27T09:57:52 IST" skipped="0">
  <testcase classname="testngpack.DataproviderCode" name="testActiTimeValidLogin" time="11.200"/>
  <system-out/>
  <testcase classname="testngpack.DataproviderCode" name="testActiTimeValidLogin" time="11.212"/>
  <system-out/>
  <testcase classname="testngpack.DataproviderCode" name="testActiTimeValidLogin" time="13.436"/>
  <system-out/>
  <testcase classname="testngpack.DataproviderCode" name="testActiTimeValidLogin" time="11.115"/>
  <system-out/>
  <testcase classname="testngpack.DataproviderCode" name="testActiTimeValidLogin" time="11.667"/>
  <system-out/>
</testsuite> <!-- testngpack.DataproviderCode -->
