<?xml version="1.0" encoding="UTF-8"?>
<!-- Generated by org.testng.reporters.JUnitReportReporter -->
<testsuite hostname="DESKTOP-4I3MU0F" failures="0" tests="3" name="testngpack.Flag2" time="0.024" errors="0" timestamp="2022-08-20T12:46:42 IST" skipped="1">
  <testcase classname="testngpack.Flag2" name="method2" time="0.022"/>
  <system-out>
    <![CDATA[actiTime create user]]>
  </system-out>
  <testcase classname="testngpack.Flag2" name="method3" time="0.002"/>
  <system-out>
    <![CDATA[actiTime create reports]]>
  </system-out>
  <testcase classname="testngpack.Flag2" name="method1">
    <skipped/>
  </testcase> <!-- method1 -->
  <system-out/>
</testsuite> <!-- testngpack.Flag2 -->
