<?xml version="1.0" encoding="UTF-8"?>
<!-- Generated by org.testng.reporters.JUnitReportReporter -->
<testsuite hostname="DESKTOP-4I3MU0F" failures="0" tests="12" name="testngpack.Flag6" time="0.048" errors="0" timestamp="2022-08-26T12:11:37 IST" skipped="0">
  <testcase classname="testngpack.Flag6" name="st3" time="0.000"/>
  <system-out>
    <![CDATA[Smoke Tset Case 3]]>
  </system-out>
  <testcase classname="testngpack.Flag6" name="it6" time="0.000"/>
  <system-out>
    <![CDATA[Integration Tset Case 6]]>
  </system-out>
  <testcase classname="testngpack.Flag6" name="it4" time="0.016"/>
  <system-out>
    <![CDATA[Integration Tset Case 4]]>
  </system-out>
  <testcase classname="testngpack.Flag6" name="it2" time="0.000"/>
  <system-out>
    <![CDATA[Integration Tset Case 2]]>
  </system-out>
  <testcase classname="testngpack.Flag6" name="it1" time="0.016"/>
  <system-out>
    <![CDATA[Integration Tset Case 1]]>
  </system-out>
  <testcase classname="testngpack.Flag6" name="st1" time="0.000"/>
  <system-out>
    <![CDATA[Smoke Tset Case 1]]>
  </system-out>
  <testcase classname="testngpack.Flag6" name="st6" time="0.000"/>
  <system-out>
    <![CDATA[Smoke Tset Case 6]]>
  </system-out>
  <testcase classname="testngpack.Flag6" name="st2" time="0.000"/>
  <system-out>
    <![CDATA[Smoke Tset Case 2]]>
  </system-out>
  <testcase classname="testngpack.Flag6" name="st5" time="0.000"/>
  <system-out>
    <![CDATA[Smoke Tset Case 5]]>
  </system-out>
  <testcase classname="testngpack.Flag6" name="it5" time="0.000"/>
  <system-out>
    <![CDATA[Integration Tset Case 5]]>
  </system-out>
  <testcase classname="testngpack.Flag6" name="it3" time="0.000"/>
  <system-out>
    <![CDATA[Integration Tset Case 3]]>
  </system-out>
  <testcase classname="testngpack.Flag6" name="st4" time="0.016"/>
  <system-out>
    <![CDATA[Smoke Tset Case 4]]>
  </system-out>
</testsuite> <!-- testngpack.Flag6 -->
