<?xml version="1.0" encoding="UTF-8"?>
<!-- Generated by org.testng.reporters.JUnitReportReporter -->
<testsuite hostname="DESKTOP-4I3MU0F" failures="0" tests="2" name="testngpack.TestActiTime" time="23.649" errors="0" timestamp="2022-08-25T11:40:40 IST" skipped="0">
  <testcase classname="testngpack.TestActiTime" name="actiTimeLogout" time="14.585"/>
  <system-out/>
  <testcase classname="testngpack.TestActiTime" name="loginActiTime" time="9.064"/>
  <system-out/>
</testsuite> <!-- testngpack.TestActiTime -->
