<?xml version="1.0" encoding="UTF-8"?>
<!-- Generated by org.testng.reporters.JUnitReportReporter -->
<testsuite hostname="DESKTOP-4I3MU0F" failures="0" tests="1" name="testngpack.ActiTimeLogin" time="10.452" errors="0" timestamp="2022-08-26T12:42:29 IST" skipped="0">
  <testcase classname="testngpack.ActiTimeLogin" name="actitimeLogin" time="10.452"/>
  <system-out/>
</testsuite> <!-- testngpack.ActiTimeLogin -->
